{"/code/server.js": {"path":"/code/server.js","statementMap":{"0":{"start":{"line":1,"column":16},"end":{"line":1,"column":34}},"1":{"start":{"line":2,"column":13},"end":{"line":2,"column":28}},"2":{"start":{"line":3,"column":19},"end":{"line":3,"column":49}},"3":{"start":{"line":4,"column":20},"end":{"line":4,"column":52}},"4":{"start":{"line":6,"column":15},"end":{"line":6,"column":24}},"5":{"start":{"line":7,"column":0},"end":{"line":7,"column":19}},"6":{"start":{"line":8,"column":0},"end":{"line":8,"column":27}},"7":{"start":{"line":9,"column":0},"end":{"line":9,"column":32}},"8":{"start":{"line":10,"column":0},"end":{"line":10,"column":35}},"9":{"start":{"line":12,"column":13},"end":{"line":12,"column":37}},"10":{"start":{"line":15,"column":0},"end":{"line":15,"column":56}},"11":{"start":{"line":15,"column":30},"end":{"line":15,"column":55}},"12":{"start":{"line":17,"column":0},"end":{"line":17,"column":23}}},"fnMap":{"0":{"name":"(anonymous_0)","decl":{"start":{"line":15,"column":16},"end":{"line":15,"column":17}},"loc":{"start":{"line":15,"column":30},"end":{"line":15,"column":55}},"line":15}},"branchMap":{"0":{"loc":{"start":{"line":12,"column":13},"end":{"line":12,"column":37}},"type":"binary-expr","locations":[{"start":{"line":12,"column":13},"end":{"line":12,"column":29}},{"start":{"line":12,"column":33},"end":{"line":12,"column":37}}],"line":12}},"s":{"0":4,"1":4,"2":4,"3":4,"4":4,"5":4,"6":4,"7":4,"8":4,"9":4,"10":4,"11":0,"12":4},"f":{"0":0},"b":{"0":[4,4]},"_coverageSchema":"1a1c01bbd47fc00a2c39e90264f33305004495a9","hash":"5eb20a3c09e5e58cee07ef3b333f8c3c27073c76"}
,"/code/controllers/lobbies.js": {"path":"/code/controllers/lobbies.js","statementMap":{"0":{"start":{"line":1,"column":16},"end":{"line":1,"column":34}},"1":{"start":{"line":2,"column":15},"end":{"line":2,"column":31}},"2":{"start":{"line":4,"column":14},"end":{"line":4,"column":40}},"3":{"start":{"line":7,"column":0},"end":{"line":14,"column":2}},"4":{"start":{"line":8,"column":4},"end":{"line":13,"column":5}},"5":{"start":{"line":9,"column":22},"end":{"line":9,"column":37}},"6":{"start":{"line":10,"column":8},"end":{"line":10,"column":25}},"7":{"start":{"line":12,"column":8},"end":{"line":12,"column":35}},"8":{"start":{"line":17,"column":0},"end":{"line":24,"column":2}},"9":{"start":{"line":18,"column":4},"end":{"line":23,"column":5}},"10":{"start":{"line":19,"column":22},"end":{"line":19,"column":69}},"11":{"start":{"line":20,"column":8},"end":{"line":20,"column":23}},"12":{"start":{"line":22,"column":8},"end":{"line":22,"column":35}},"13":{"start":{"line":27,"column":0},"end":{"line":34,"column":2}},"14":{"start":{"line":28,"column":4},"end":{"line":33,"column":5}},"15":{"start":{"line":29,"column":21},"end":{"line":29,"column":58}},"16":{"start":{"line":30,"column":8},"end":{"line":30,"column":22}},"17":{"start":{"line":32,"column":8},"end":{"line":32,"column":35}},"18":{"start":{"line":37,"column":0},"end":{"line":46,"column":2}},"19":{"start":{"line":38,"column":4},"end":{"line":45,"column":5}},"20":{"start":{"line":39,"column":22},"end":{"line":39,"column":57}},"21":{"start":{"line":40,"column":8},"end":{"line":40,"column":26}},"22":{"start":{"line":41,"column":8},"end":{"line":41,"column":29}},"23":{"start":{"line":42,"column":8},"end":{"line":42,"column":29}},"24":{"start":{"line":44,"column":8},"end":{"line":44,"column":35}},"25":{"start":{"line":49,"column":0},"end":{"line":49,"column":24}}},"fnMap":{"0":{"name":"(anonymous_0)","decl":{"start":{"line":7,"column":16},"end":{"line":7,"column":17}},"loc":{"start":{"line":7,"column":36},"end":{"line":14,"column":1}},"line":7},"1":{"name":"(anonymous_1)","decl":{"start":{"line":17,"column":25},"end":{"line":17,"column":26}},"loc":{"start":{"line":17,"column":45},"end":{"line":24,"column":1}},"line":17},"2":{"name":"(anonymous_2)","decl":{"start":{"line":27,"column":17},"end":{"line":27,"column":18}},"loc":{"start":{"line":27,"column":37},"end":{"line":34,"column":1}},"line":27},"3":{"name":"(anonymous_3)","decl":{"start":{"line":37,"column":22},"end":{"line":37,"column":23}},"loc":{"start":{"line":37,"column":42},"end":{"line":46,"column":1}},"line":37}},"branchMap":{},"s":{"0":4,"1":4,"2":4,"3":4,"4":4,"5":4,"6":4,"7":0,"8":4,"9":1,"10":1,"11":1,"12":0,"13":4,"14":1,"15":1,"16":1,"17":0,"18":4,"19":1,"20":1,"21":1,"22":1,"23":1,"24":0,"25":4},"f":{"0":4,"1":1,"2":1,"3":1},"b":{},"_coverageSchema":"1a1c01bbd47fc00a2c39e90264f33305004495a9","hash":"17795cb752f818296da968701b720bd727115cd0"}
,"/code/controllers/users.js": {"path":"/code/controllers/users.js","statementMap":{"0":{"start":{"line":1,"column":16},"end":{"line":1,"column":34}},"1":{"start":{"line":2,"column":15},"end":{"line":2,"column":31}},"2":{"start":{"line":4,"column":13},"end":{"line":4,"column":38}},"3":{"start":{"line":7,"column":0},"end":{"line":14,"column":2}},"4":{"start":{"line":8,"column":4},"end":{"line":13,"column":5}},"5":{"start":{"line":9,"column":22},"end":{"line":9,"column":36}},"6":{"start":{"line":10,"column":8},"end":{"line":10,"column":25}},"7":{"start":{"line":12,"column":8},"end":{"line":12,"column":35}},"8":{"start":{"line":17,"column":0},"end":{"line":26,"column":2}},"9":{"start":{"line":18,"column":4},"end":{"line":25,"column":5}},"10":{"start":{"line":19,"column":22},"end":{"line":19,"column":44}},"11":{"start":{"line":20,"column":8},"end":{"line":20,"column":25}},"12":{"start":{"line":21,"column":8},"end":{"line":21,"column":23}},"13":{"start":{"line":24,"column":8},"end":{"line":24,"column":35}},"14":{"start":{"line":28,"column":0},"end":{"line":35,"column":2}},"15":{"start":{"line":29,"column":4},"end":{"line":34,"column":5}},"16":{"start":{"line":30,"column":18},"end":{"line":30,"column":62}},"17":{"start":{"line":31,"column":4},"end":{"line":31,"column":21}},"18":{"start":{"line":33,"column":8},"end":{"line":33,"column":35}},"19":{"start":{"line":40,"column":0},"end":{"line":48,"column":2}},"20":{"start":{"line":41,"column":4},"end":{"line":47,"column":5}},"21":{"start":{"line":42,"column":21},"end":{"line":42,"column":92}},"22":{"start":{"line":43,"column":8},"end":{"line":43,"column":22}},"23":{"start":{"line":44,"column":8},"end":{"line":44,"column":23}},"24":{"start":{"line":46,"column":8},"end":{"line":46,"column":35}},"25":{"start":{"line":51,"column":0},"end":{"line":62,"column":2}},"26":{"start":{"line":52,"column":4},"end":{"line":61,"column":5}},"27":{"start":{"line":53,"column":21},"end":{"line":53,"column":55}},"28":{"start":{"line":54,"column":8},"end":{"line":54,"column":25}},"29":{"start":{"line":55,"column":8},"end":{"line":55,"column":25}},"30":{"start":{"line":56,"column":8},"end":{"line":56,"column":28}},"31":{"start":{"line":57,"column":8},"end":{"line":57,"column":31}},"32":{"start":{"line":58,"column":8},"end":{"line":58,"column":29}},"33":{"start":{"line":60,"column":8},"end":{"line":60,"column":33}},"34":{"start":{"line":66,"column":0},"end":{"line":66,"column":24}}},"fnMap":{"0":{"name":"(anonymous_0)","decl":{"start":{"line":7,"column":16},"end":{"line":7,"column":17}},"loc":{"start":{"line":7,"column":36},"end":{"line":14,"column":1}},"line":7},"1":{"name":"(anonymous_1)","decl":{"start":{"line":17,"column":27},"end":{"line":17,"column":28}},"loc":{"start":{"line":17,"column":47},"end":{"line":26,"column":1}},"line":17},"2":{"name":"(anonymous_2)","decl":{"start":{"line":28,"column":25},"end":{"line":28,"column":26}},"loc":{"start":{"line":28,"column":45},"end":{"line":35,"column":1}},"line":28},"3":{"name":"(anonymous_3)","decl":{"start":{"line":40,"column":17},"end":{"line":40,"column":18}},"loc":{"start":{"line":40,"column":37},"end":{"line":48,"column":1}},"line":40},"4":{"name":"(anonymous_4)","decl":{"start":{"line":51,"column":22},"end":{"line":51,"column":23}},"loc":{"start":{"line":51,"column":42},"end":{"line":62,"column":1}},"line":51}},"branchMap":{},"s":{"0":4,"1":4,"2":4,"3":4,"4":3,"5":3,"6":3,"7":0,"8":4,"9":1,"10":1,"11":1,"12":1,"13":0,"14":4,"15":1,"16":1,"17":1,"18":0,"19":4,"20":1,"21":1,"22":1,"23":1,"24":0,"25":4,"26":1,"27":1,"28":1,"29":1,"30":1,"31":1,"32":1,"33":0,"34":4},"f":{"0":3,"1":1,"2":1,"3":1,"4":1},"b":{},"_coverageSchema":"1a1c01bbd47fc00a2c39e90264f33305004495a9","hash":"d898331e385f8935e49c23f4eebd67347363c487"}
,"/code/db_config/init.js": {"path":"/code/db_config/init.js","statementMap":{"0":{"start":{"line":1,"column":17},"end":{"line":1,"column":30}},"1":{"start":{"line":3,"column":13},"end":{"line":3,"column":23}},"2":{"start":{"line":5,"column":0},"end":{"line":5,"column":22}}},"fnMap":{},"branchMap":{},"s":{"0":4,"1":4,"2":4},"f":{},"b":{},"_coverageSchema":"1a1c01bbd47fc00a2c39e90264f33305004495a9","hash":"0e3d7a6ed2c60fdbf1b31c7762f3177ecc185fbd"}
,"/code/models/lobby.js": {"path":"/code/models/lobby.js","statementMap":{"0":{"start":{"line":1,"column":11},"end":{"line":1,"column":40}},"1":{"start":{"line":5,"column":8},"end":{"line":5,"column":25}},"2":{"start":{"line":6,"column":8},"end":{"line":6,"column":37}},"3":{"start":{"line":10,"column":8},"end":{"line":18,"column":10}},"4":{"start":{"line":11,"column":12},"end":{"line":17,"column":13}},"5":{"start":{"line":12,"column":34},"end":{"line":12,"column":74}},"6":{"start":{"line":13,"column":30},"end":{"line":13,"column":67}},"7":{"start":{"line":13,"column":54},"end":{"line":13,"column":66}},"8":{"start":{"line":14,"column":16},"end":{"line":14,"column":31}},"9":{"start":{"line":16,"column":16},"end":{"line":16,"column":48}},"10":{"start":{"line":22,"column":8},"end":{"line":30,"column":11}},"11":{"start":{"line":23,"column":12},"end":{"line":29,"column":13}},"12":{"start":{"line":24,"column":32},"end":{"line":24,"column":94}},"13":{"start":{"line":25,"column":30},"end":{"line":25,"column":58}},"14":{"start":{"line":26,"column":16},"end":{"line":26,"column":31}},"15":{"start":{"line":28,"column":16},"end":{"line":28,"column":49}},"16":{"start":{"line":34,"column":8},"end":{"line":42,"column":11}},"17":{"start":{"line":35,"column":12},"end":{"line":41,"column":13}},"18":{"start":{"line":36,"column":32},"end":{"line":36,"column":106}},"19":{"start":{"line":37,"column":30},"end":{"line":37,"column":67}},"20":{"start":{"line":37,"column":54},"end":{"line":37,"column":66}},"21":{"start":{"line":38,"column":16},"end":{"line":38,"column":32}},"22":{"start":{"line":40,"column":16},"end":{"line":40,"column":49}},"23":{"start":{"line":49,"column":8},"end":{"line":57,"column":11}},"24":{"start":{"line":50,"column":12},"end":{"line":56,"column":13}},"25":{"start":{"line":51,"column":31},"end":{"line":51,"column":118}},"26":{"start":{"line":52,"column":30},"end":{"line":52,"column":57}},"27":{"start":{"line":53,"column":16},"end":{"line":53,"column":34}},"28":{"start":{"line":55,"column":16},"end":{"line":55,"column":54}},"29":{"start":{"line":61,"column":8},"end":{"line":68,"column":10}},"30":{"start":{"line":62,"column":12},"end":{"line":67,"column":13}},"31":{"start":{"line":63,"column":16},"end":{"line":63,"column":80}},"32":{"start":{"line":64,"column":16},"end":{"line":64,"column":40}},"33":{"start":{"line":66,"column":16},"end":{"line":66,"column":51}},"34":{"start":{"line":73,"column":0},"end":{"line":73,"column":23}}},"fnMap":{"0":{"name":"(anonymous_0)","decl":{"start":{"line":4,"column":4},"end":{"line":4,"column":5}},"loc":{"start":{"line":4,"column":21},"end":{"line":7,"column":5}},"line":4},"1":{"name":"(anonymous_1)","decl":{"start":{"line":9,"column":4},"end":{"line":9,"column":5}},"loc":{"start":{"line":9,"column":21},"end":{"line":19,"column":5}},"line":9},"2":{"name":"(anonymous_2)","decl":{"start":{"line":10,"column":28},"end":{"line":10,"column":29}},"loc":{"start":{"line":10,"column":55},"end":{"line":18,"column":9}},"line":10},"3":{"name":"(anonymous_3)","decl":{"start":{"line":13,"column":49},"end":{"line":13,"column":50}},"loc":{"start":{"line":13,"column":54},"end":{"line":13,"column":66}},"line":13},"4":{"name":"(anonymous_4)","decl":{"start":{"line":21,"column":4},"end":{"line":21,"column":5}},"loc":{"start":{"line":21,"column":23},"end":{"line":31,"column":5}},"line":21},"5":{"name":"(anonymous_5)","decl":{"start":{"line":22,"column":28},"end":{"line":22,"column":29}},"loc":{"start":{"line":22,"column":55},"end":{"line":30,"column":9}},"line":22},"6":{"name":"(anonymous_6)","decl":{"start":{"line":33,"column":4},"end":{"line":33,"column":5}},"loc":{"start":{"line":33,"column":37},"end":{"line":43,"column":5}},"line":33},"7":{"name":"(anonymous_7)","decl":{"start":{"line":34,"column":28},"end":{"line":34,"column":29}},"loc":{"start":{"line":34,"column":55},"end":{"line":42,"column":9}},"line":34},"8":{"name":"(anonymous_8)","decl":{"start":{"line":37,"column":49},"end":{"line":37,"column":50}},"loc":{"start":{"line":37,"column":54},"end":{"line":37,"column":66}},"line":37},"9":{"name":"(anonymous_9)","decl":{"start":{"line":48,"column":4},"end":{"line":48,"column":5}},"loc":{"start":{"line":48,"column":27},"end":{"line":58,"column":5}},"line":48},"10":{"name":"(anonymous_10)","decl":{"start":{"line":49,"column":28},"end":{"line":49,"column":29}},"loc":{"start":{"line":49,"column":55},"end":{"line":57,"column":9}},"line":49},"11":{"name":"(anonymous_11)","decl":{"start":{"line":60,"column":4},"end":{"line":60,"column":5}},"loc":{"start":{"line":60,"column":14},"end":{"line":69,"column":7}},"line":60},"12":{"name":"(anonymous_12)","decl":{"start":{"line":61,"column":27},"end":{"line":61,"column":28}},"loc":{"start":{"line":61,"column":47},"end":{"line":68,"column":9}},"line":61}},"branchMap":{},"s":{"0":4,"1":20,"2":20,"3":5,"4":5,"5":5,"6":5,"7":15,"8":5,"9":0,"10":1,"11":1,"12":1,"13":1,"14":1,"15":0,"16":2,"17":2,"18":2,"19":2,"20":2,"21":2,"22":0,"23":2,"24":2,"25":2,"26":2,"27":2,"28":0,"29":1,"30":1,"31":1,"32":1,"33":0,"34":4},"f":{"0":20,"1":5,"2":5,"3":15,"4":1,"5":1,"6":2,"7":2,"8":2,"9":2,"10":2,"11":1,"12":1},"b":{},"_coverageSchema":"1a1c01bbd47fc00a2c39e90264f33305004495a9","hash":"b100fbd9cf9760b79ffb4caaf2b980b5f81c35b5"}
,"/code/models/user.js": {"path":"/code/models/user.js","statementMap":{"0":{"start":{"line":1,"column":11},"end":{"line":1,"column":40}},"1":{"start":{"line":6,"column":8},"end":{"line":6,"column":25}},"2":{"start":{"line":7,"column":8},"end":{"line":7,"column":37}},"3":{"start":{"line":8,"column":8},"end":{"line":8,"column":31}},"4":{"start":{"line":9,"column":8},"end":{"line":9,"column":37}},"5":{"start":{"line":13,"column":8},"end":{"line":21,"column":10}},"6":{"start":{"line":14,"column":12},"end":{"line":20,"column":13}},"7":{"start":{"line":15,"column":34},"end":{"line":15,"column":72}},"8":{"start":{"line":16,"column":30},"end":{"line":16,"column":66}},"9":{"start":{"line":16,"column":54},"end":{"line":16,"column":65}},"10":{"start":{"line":17,"column":16},"end":{"line":17,"column":31}},"11":{"start":{"line":19,"column":16},"end":{"line":19,"column":48}},"12":{"start":{"line":25,"column":8},"end":{"line":33,"column":10}},"13":{"start":{"line":26,"column":12},"end":{"line":32,"column":13}},"14":{"start":{"line":27,"column":33},"end":{"line":27,"column":91}},"15":{"start":{"line":28,"column":30},"end":{"line":28,"column":56}},"16":{"start":{"line":29,"column":16},"end":{"line":29,"column":31}},"17":{"start":{"line":31,"column":16},"end":{"line":31,"column":48}},"18":{"start":{"line":37,"column":8},"end":{"line":45,"column":11}},"19":{"start":{"line":38,"column":12},"end":{"line":44,"column":13}},"20":{"start":{"line":39,"column":32},"end":{"line":39,"column":104}},"21":{"start":{"line":40,"column":30},"end":{"line":40,"column":66}},"22":{"start":{"line":40,"column":54},"end":{"line":40,"column":65}},"23":{"start":{"line":41,"column":16},"end":{"line":41,"column":31}},"24":{"start":{"line":43,"column":16},"end":{"line":43,"column":49}},"25":{"start":{"line":49,"column":8},"end":{"line":57,"column":11}},"26":{"start":{"line":50,"column":12},"end":{"line":56,"column":13}},"27":{"start":{"line":51,"column":32},"end":{"line":51,"column":99}},"28":{"start":{"line":52,"column":30},"end":{"line":52,"column":66}},"29":{"start":{"line":52,"column":54},"end":{"line":52,"column":65}},"30":{"start":{"line":53,"column":16},"end":{"line":53,"column":32}},"31":{"start":{"line":55,"column":16},"end":{"line":55,"column":49}},"32":{"start":{"line":61,"column":8},"end":{"line":69,"column":11}},"33":{"start":{"line":62,"column":12},"end":{"line":68,"column":13}},"34":{"start":{"line":63,"column":32},"end":{"line":63,"column":124}},"35":{"start":{"line":64,"column":29},"end":{"line":64,"column":65}},"36":{"start":{"line":64,"column":53},"end":{"line":64,"column":64}},"37":{"start":{"line":65,"column":16},"end":{"line":65,"column":31}},"38":{"start":{"line":67,"column":16},"end":{"line":67,"column":51}},"39":{"start":{"line":73,"column":8},"end":{"line":81,"column":11}},"40":{"start":{"line":74,"column":12},"end":{"line":80,"column":13}},"41":{"start":{"line":75,"column":31},"end":{"line":75,"column":158}},"42":{"start":{"line":76,"column":30},"end":{"line":76,"column":56}},"43":{"start":{"line":77,"column":16},"end":{"line":77,"column":34}},"44":{"start":{"line":79,"column":16},"end":{"line":79,"column":54}},"45":{"start":{"line":85,"column":4},"end":{"line":85,"column":23}},"46":{"start":{"line":86,"column":8},"end":{"line":94,"column":10}},"47":{"start":{"line":87,"column":12},"end":{"line":87,"column":29}},"48":{"start":{"line":88,"column":12},"end":{"line":93,"column":13}},"49":{"start":{"line":89,"column":16},"end":{"line":89,"column":78}},"50":{"start":{"line":90,"column":16},"end":{"line":90,"column":39}},"51":{"start":{"line":92,"column":16},"end":{"line":92,"column":50}},"52":{"start":{"line":100,"column":0},"end":{"line":100,"column":22}}},"fnMap":{"0":{"name":"(anonymous_0)","decl":{"start":{"line":5,"column":4},"end":{"line":5,"column":5}},"loc":{"start":{"line":5,"column":21},"end":{"line":10,"column":5}},"line":5},"1":{"name":"(anonymous_1)","decl":{"start":{"line":12,"column":4},"end":{"line":12,"column":5}},"loc":{"start":{"line":12,"column":21},"end":{"line":22,"column":5}},"line":12},"2":{"name":"(anonymous_2)","decl":{"start":{"line":13,"column":28},"end":{"line":13,"column":29}},"loc":{"start":{"line":13,"column":55},"end":{"line":21,"column":9}},"line":13},"3":{"name":"(anonymous_3)","decl":{"start":{"line":16,"column":49},"end":{"line":16,"column":50}},"loc":{"start":{"line":16,"column":54},"end":{"line":16,"column":65}},"line":16},"4":{"name":"(anonymous_4)","decl":{"start":{"line":24,"column":4},"end":{"line":24,"column":5}},"loc":{"start":{"line":24,"column":24},"end":{"line":34,"column":5}},"line":24},"5":{"name":"(anonymous_5)","decl":{"start":{"line":25,"column":28},"end":{"line":25,"column":29}},"loc":{"start":{"line":25,"column":55},"end":{"line":33,"column":9}},"line":25},"6":{"name":"(anonymous_6)","decl":{"start":{"line":36,"column":4},"end":{"line":36,"column":5}},"loc":{"start":{"line":36,"column":33},"end":{"line":46,"column":5}},"line":36},"7":{"name":"(anonymous_7)","decl":{"start":{"line":37,"column":28},"end":{"line":37,"column":29}},"loc":{"start":{"line":37,"column":55},"end":{"line":45,"column":9}},"line":37},"8":{"name":"(anonymous_8)","decl":{"start":{"line":40,"column":49},"end":{"line":40,"column":50}},"loc":{"start":{"line":40,"column":54},"end":{"line":40,"column":65}},"line":40},"9":{"name":"(anonymous_9)","decl":{"start":{"line":48,"column":4},"end":{"line":48,"column":5}},"loc":{"start":{"line":48,"column":30},"end":{"line":58,"column":5}},"line":48},"10":{"name":"(anonymous_10)","decl":{"start":{"line":49,"column":28},"end":{"line":49,"column":29}},"loc":{"start":{"line":49,"column":55},"end":{"line":57,"column":9}},"line":49},"11":{"name":"(anonymous_11)","decl":{"start":{"line":52,"column":49},"end":{"line":52,"column":50}},"loc":{"start":{"line":52,"column":54},"end":{"line":52,"column":65}},"line":52},"12":{"name":"(anonymous_12)","decl":{"start":{"line":60,"column":4},"end":{"line":60,"column":5}},"loc":{"start":{"line":60,"column":35},"end":{"line":70,"column":5}},"line":60},"13":{"name":"(anonymous_13)","decl":{"start":{"line":61,"column":28},"end":{"line":61,"column":29}},"loc":{"start":{"line":61,"column":55},"end":{"line":69,"column":9}},"line":61},"14":{"name":"(anonymous_14)","decl":{"start":{"line":64,"column":48},"end":{"line":64,"column":49}},"loc":{"start":{"line":64,"column":53},"end":{"line":64,"column":64}},"line":64},"15":{"name":"(anonymous_15)","decl":{"start":{"line":72,"column":4},"end":{"line":72,"column":5}},"loc":{"start":{"line":72,"column":44},"end":{"line":82,"column":5}},"line":72},"16":{"name":"(anonymous_16)","decl":{"start":{"line":73,"column":28},"end":{"line":73,"column":29}},"loc":{"start":{"line":73,"column":55},"end":{"line":81,"column":9}},"line":73},"17":{"name":"(anonymous_17)","decl":{"start":{"line":84,"column":2},"end":{"line":84,"column":3}},"loc":{"start":{"line":84,"column":11},"end":{"line":95,"column":7}},"line":84},"18":{"name":"(anonymous_18)","decl":{"start":{"line":86,"column":27},"end":{"line":86,"column":28}},"loc":{"start":{"line":86,"column":47},"end":{"line":94,"column":9}},"line":86}},"branchMap":{},"s":{"0":4,"1":35,"2":35,"3":35,"4":35,"5":4,"6":4,"7":4,"8":4,"9":22,"10":4,"11":0,"12":1,"13":1,"14":1,"15":1,"16":1,"17":0,"18":0,"19":0,"20":0,"21":0,"22":0,"23":0,"24":0,"25":1,"26":1,"27":1,"28":1,"29":7,"30":1,"31":0,"32":1,"33":1,"34":1,"35":1,"36":3,"37":1,"38":0,"39":2,"40":2,"41":2,"42":2,"43":2,"44":0,"45":1,"46":1,"47":1,"48":1,"49":1,"50":1,"51":0,"52":4},"f":{"0":35,"1":4,"2":4,"3":22,"4":1,"5":1,"6":0,"7":0,"8":0,"9":1,"10":1,"11":7,"12":1,"13":1,"14":3,"15":2,"16":2,"17":1,"18":1},"b":{},"_coverageSchema":"1a1c01bbd47fc00a2c39e90264f33305004495a9","hash":"1530de9964f1b67f580d069c252f14455d98aa59"}
}
