{"/code/server.js": {"path":"/code/server.js","statementMap":{"0":{"start":{"line":1,"column":16},"end":{"line":1,"column":34}},"1":{"start":{"line":2,"column":13},"end":{"line":2,"column":28}},"2":{"start":{"line":3,"column":19},"end":{"line":3,"column":49}},"3":{"start":{"line":4,"column":20},"end":{"line":4,"column":52}},"4":{"start":{"line":6,"column":15},"end":{"line":6,"column":24}},"5":{"start":{"line":7,"column":0},"end":{"line":7,"column":19}},"6":{"start":{"line":8,"column":0},"end":{"line":8,"column":27}},"7":{"start":{"line":9,"column":0},"end":{"line":9,"column":32}},"8":{"start":{"line":10,"column":0},"end":{"line":10,"column":35}},"9":{"start":{"line":12,"column":13},"end":{"line":12,"column":37}},"10":{"start":{"line":15,"column":0},"end":{"line":15,"column":56}},"11":{"start":{"line":15,"column":30},"end":{"line":15,"column":55}},"12":{"start":{"line":17,"column":0},"end":{"line":17,"column":23}}},"fnMap":{"0":{"name":"(anonymous_0)","decl":{"start":{"line":15,"column":16},"end":{"line":15,"column":17}},"loc":{"start":{"line":15,"column":30},"end":{"line":15,"column":55}},"line":15}},"branchMap":{"0":{"loc":{"start":{"line":12,"column":13},"end":{"line":12,"column":37}},"type":"binary-expr","locations":[{"start":{"line":12,"column":13},"end":{"line":12,"column":29}},{"start":{"line":12,"column":33},"end":{"line":12,"column":37}}],"line":12}},"s":{"0":4,"1":4,"2":4,"3":4,"4":4,"5":4,"6":4,"7":4,"8":4,"9":4,"10":4,"11":0,"12":4},"f":{"0":0},"b":{"0":[4,4]},"_coverageSchema":"1a1c01bbd47fc00a2c39e90264f33305004495a9","hash":"5eb20a3c09e5e58cee07ef3b333f8c3c27073c76"}
,"/code/controllers/lobbies.js": {"path":"/code/controllers/lobbies.js","statementMap":{"0":{"start":{"line":1,"column":16},"end":{"line":1,"column":34}},"1":{"start":{"line":2,"column":15},"end":{"line":2,"column":31}},"2":{"start":{"line":4,"column":14},"end":{"line":4,"column":40}},"3":{"start":{"line":7,"column":0},"end":{"line":14,"column":2}},"4":{"start":{"line":8,"column":4},"end":{"line":13,"column":5}},"5":{"start":{"line":9,"column":22},"end":{"line":9,"column":37}},"6":{"start":{"line":10,"column":8},"end":{"line":10,"column":25}},"7":{"start":{"line":12,"column":8},"end":{"line":12,"column":35}},"8":{"start":{"line":17,"column":0},"end":{"line":24,"column":2}},"9":{"start":{"line":18,"column":4},"end":{"line":23,"column":5}},"10":{"start":{"line":19,"column":22},"end":{"line":19,"column":69}},"11":{"start":{"line":20,"column":8},"end":{"line":20,"column":23}},"12":{"start":{"line":22,"column":8},"end":{"line":22,"column":35}},"13":{"start":{"line":27,"column":0},"end":{"line":34,"column":2}},"14":{"start":{"line":28,"column":4},"end":{"line":33,"column":5}},"15":{"start":{"line":29,"column":21},"end":{"line":29,"column":58}},"16":{"start":{"line":30,"column":8},"end":{"line":30,"column":22}},"17":{"start":{"line":32,"column":8},"end":{"line":32,"column":35}},"18":{"start":{"line":37,"column":0},"end":{"line":37,"column":24}}},"fnMap":{"0":{"name":"(anonymous_0)","decl":{"start":{"line":7,"column":16},"end":{"line":7,"column":17}},"loc":{"start":{"line":7,"column":36},"end":{"line":14,"column":1}},"line":7},"1":{"name":"(anonymous_1)","decl":{"start":{"line":17,"column":25},"end":{"line":17,"column":26}},"loc":{"start":{"line":17,"column":45},"end":{"line":24,"column":1}},"line":17},"2":{"name":"(anonymous_2)","decl":{"start":{"line":27,"column":17},"end":{"line":27,"column":18}},"loc":{"start":{"line":27,"column":37},"end":{"line":34,"column":1}},"line":27}},"branchMap":{},"s":{"0":4,"1":4,"2":4,"3":4,"4":2,"5":2,"6":2,"7":0,"8":4,"9":1,"10":1,"11":1,"12":0,"13":4,"14":1,"15":1,"16":1,"17":0,"18":4},"f":{"0":2,"1":1,"2":1},"b":{},"_coverageSchema":"1a1c01bbd47fc00a2c39e90264f33305004495a9","hash":"7a05245d61ad0dc982dd29ad5ea2741e51a9aba3"}
,"/code/controllers/users.js": {"path":"/code/controllers/users.js","statementMap":{"0":{"start":{"line":1,"column":16},"end":{"line":1,"column":34}},"1":{"start":{"line":2,"column":15},"end":{"line":2,"column":31}},"2":{"start":{"line":4,"column":13},"end":{"line":4,"column":38}},"3":{"start":{"line":7,"column":0},"end":{"line":14,"column":2}},"4":{"start":{"line":8,"column":4},"end":{"line":13,"column":5}},"5":{"start":{"line":9,"column":22},"end":{"line":9,"column":36}},"6":{"start":{"line":10,"column":8},"end":{"line":10,"column":25}},"7":{"start":{"line":12,"column":8},"end":{"line":12,"column":35}},"8":{"start":{"line":16,"column":0},"end":{"line":25,"column":2}},"9":{"start":{"line":17,"column":4},"end":{"line":24,"column":5}},"10":{"start":{"line":18,"column":22},"end":{"line":18,"column":44}},"11":{"start":{"line":19,"column":8},"end":{"line":19,"column":25}},"12":{"start":{"line":20,"column":8},"end":{"line":20,"column":23}},"13":{"start":{"line":23,"column":8},"end":{"line":23,"column":35}},"14":{"start":{"line":27,"column":0},"end":{"line":34,"column":2}},"15":{"start":{"line":28,"column":4},"end":{"line":33,"column":5}},"16":{"start":{"line":29,"column":18},"end":{"line":29,"column":62}},"17":{"start":{"line":30,"column":4},"end":{"line":30,"column":21}},"18":{"start":{"line":32,"column":8},"end":{"line":32,"column":35}},"19":{"start":{"line":39,"column":0},"end":{"line":47,"column":2}},"20":{"start":{"line":40,"column":4},"end":{"line":46,"column":5}},"21":{"start":{"line":41,"column":21},"end":{"line":41,"column":92}},"22":{"start":{"line":42,"column":8},"end":{"line":42,"column":22}},"23":{"start":{"line":43,"column":8},"end":{"line":43,"column":23}},"24":{"start":{"line":45,"column":8},"end":{"line":45,"column":35}},"25":{"start":{"line":51,"column":0},"end":{"line":51,"column":24}}},"fnMap":{"0":{"name":"(anonymous_0)","decl":{"start":{"line":7,"column":16},"end":{"line":7,"column":17}},"loc":{"start":{"line":7,"column":36},"end":{"line":14,"column":1}},"line":7},"1":{"name":"(anonymous_1)","decl":{"start":{"line":16,"column":27},"end":{"line":16,"column":28}},"loc":{"start":{"line":16,"column":47},"end":{"line":25,"column":1}},"line":16},"2":{"name":"(anonymous_2)","decl":{"start":{"line":27,"column":25},"end":{"line":27,"column":26}},"loc":{"start":{"line":27,"column":45},"end":{"line":34,"column":1}},"line":27},"3":{"name":"(anonymous_3)","decl":{"start":{"line":39,"column":17},"end":{"line":39,"column":18}},"loc":{"start":{"line":39,"column":37},"end":{"line":47,"column":1}},"line":39}},"branchMap":{},"s":{"0":4,"1":4,"2":4,"3":4,"4":1,"5":1,"6":1,"7":0,"8":4,"9":1,"10":1,"11":1,"12":1,"13":0,"14":4,"15":1,"16":1,"17":1,"18":0,"19":4,"20":1,"21":1,"22":1,"23":1,"24":0,"25":4},"f":{"0":1,"1":1,"2":1,"3":1},"b":{},"_coverageSchema":"1a1c01bbd47fc00a2c39e90264f33305004495a9","hash":"c31a37b39b4b5a4d1df9e18761d5547e80269f1d"}
,"/code/db_config/init.js": {"path":"/code/db_config/init.js","statementMap":{"0":{"start":{"line":1,"column":17},"end":{"line":1,"column":30}},"1":{"start":{"line":3,"column":13},"end":{"line":3,"column":23}},"2":{"start":{"line":5,"column":0},"end":{"line":5,"column":22}}},"fnMap":{},"branchMap":{},"s":{"0":4,"1":4,"2":4},"f":{},"b":{},"_coverageSchema":"1a1c01bbd47fc00a2c39e90264f33305004495a9","hash":"0e3d7a6ed2c60fdbf1b31c7762f3177ecc185fbd"}
,"/code/models/lobby.js": {"path":"/code/models/lobby.js","statementMap":{"0":{"start":{"line":1,"column":11},"end":{"line":1,"column":40}},"1":{"start":{"line":5,"column":8},"end":{"line":5,"column":25}},"2":{"start":{"line":6,"column":8},"end":{"line":6,"column":37}},"3":{"start":{"line":10,"column":8},"end":{"line":18,"column":10}},"4":{"start":{"line":11,"column":12},"end":{"line":17,"column":13}},"5":{"start":{"line":12,"column":34},"end":{"line":12,"column":74}},"6":{"start":{"line":13,"column":30},"end":{"line":13,"column":67}},"7":{"start":{"line":13,"column":54},"end":{"line":13,"column":66}},"8":{"start":{"line":14,"column":16},"end":{"line":14,"column":31}},"9":{"start":{"line":16,"column":16},"end":{"line":16,"column":48}},"10":{"start":{"line":22,"column":8},"end":{"line":30,"column":11}},"11":{"start":{"line":23,"column":12},"end":{"line":29,"column":13}},"12":{"start":{"line":24,"column":32},"end":{"line":24,"column":106}},"13":{"start":{"line":25,"column":30},"end":{"line":25,"column":67}},"14":{"start":{"line":25,"column":54},"end":{"line":25,"column":66}},"15":{"start":{"line":26,"column":16},"end":{"line":26,"column":32}},"16":{"start":{"line":28,"column":16},"end":{"line":28,"column":49}},"17":{"start":{"line":37,"column":8},"end":{"line":45,"column":11}},"18":{"start":{"line":38,"column":12},"end":{"line":44,"column":13}},"19":{"start":{"line":39,"column":31},"end":{"line":39,"column":118}},"20":{"start":{"line":40,"column":30},"end":{"line":40,"column":57}},"21":{"start":{"line":41,"column":16},"end":{"line":41,"column":34}},"22":{"start":{"line":43,"column":16},"end":{"line":43,"column":54}},"23":{"start":{"line":50,"column":0},"end":{"line":50,"column":23}}},"fnMap":{"0":{"name":"(anonymous_0)","decl":{"start":{"line":4,"column":4},"end":{"line":4,"column":5}},"loc":{"start":{"line":4,"column":21},"end":{"line":7,"column":5}},"line":4},"1":{"name":"(anonymous_1)","decl":{"start":{"line":9,"column":4},"end":{"line":9,"column":5}},"loc":{"start":{"line":9,"column":21},"end":{"line":19,"column":5}},"line":9},"2":{"name":"(anonymous_2)","decl":{"start":{"line":10,"column":28},"end":{"line":10,"column":29}},"loc":{"start":{"line":10,"column":55},"end":{"line":18,"column":9}},"line":10},"3":{"name":"(anonymous_3)","decl":{"start":{"line":13,"column":49},"end":{"line":13,"column":50}},"loc":{"start":{"line":13,"column":54},"end":{"line":13,"column":66}},"line":13},"4":{"name":"(anonymous_4)","decl":{"start":{"line":21,"column":4},"end":{"line":21,"column":5}},"loc":{"start":{"line":21,"column":37},"end":{"line":31,"column":5}},"line":21},"5":{"name":"(anonymous_5)","decl":{"start":{"line":22,"column":28},"end":{"line":22,"column":29}},"loc":{"start":{"line":22,"column":55},"end":{"line":30,"column":9}},"line":22},"6":{"name":"(anonymous_6)","decl":{"start":{"line":25,"column":49},"end":{"line":25,"column":50}},"loc":{"start":{"line":25,"column":54},"end":{"line":25,"column":66}},"line":25},"7":{"name":"(anonymous_7)","decl":{"start":{"line":36,"column":4},"end":{"line":36,"column":5}},"loc":{"start":{"line":36,"column":27},"end":{"line":46,"column":5}},"line":36},"8":{"name":"(anonymous_8)","decl":{"start":{"line":37,"column":28},"end":{"line":37,"column":29}},"loc":{"start":{"line":37,"column":55},"end":{"line":45,"column":9}},"line":37}},"branchMap":{},"s":{"0":4,"1":14,"2":14,"3":3,"4":3,"5":3,"6":3,"7":10,"8":3,"9":0,"10":2,"11":2,"12":2,"13":2,"14":2,"15":2,"16":0,"17":2,"18":2,"19":2,"20":2,"21":2,"22":0,"23":4},"f":{"0":14,"1":3,"2":3,"3":10,"4":2,"5":2,"6":2,"7":2,"8":2},"b":{},"_coverageSchema":"1a1c01bbd47fc00a2c39e90264f33305004495a9","hash":"f9def71e6c4fbf73a600c0fd6cb33ccf668092dd"}
,"/code/models/user.js": {"path":"/code/models/user.js","statementMap":{"0":{"start":{"line":1,"column":11},"end":{"line":1,"column":40}},"1":{"start":{"line":6,"column":8},"end":{"line":6,"column":25}},"2":{"start":{"line":7,"column":8},"end":{"line":7,"column":37}},"3":{"start":{"line":8,"column":8},"end":{"line":8,"column":31}},"4":{"start":{"line":9,"column":8},"end":{"line":9,"column":37}},"5":{"start":{"line":13,"column":8},"end":{"line":21,"column":10}},"6":{"start":{"line":14,"column":12},"end":{"line":20,"column":13}},"7":{"start":{"line":15,"column":34},"end":{"line":15,"column":72}},"8":{"start":{"line":16,"column":30},"end":{"line":16,"column":66}},"9":{"start":{"line":16,"column":54},"end":{"line":16,"column":65}},"10":{"start":{"line":17,"column":16},"end":{"line":17,"column":31}},"11":{"start":{"line":19,"column":16},"end":{"line":19,"column":48}},"12":{"start":{"line":25,"column":8},"end":{"line":33,"column":11}},"13":{"start":{"line":26,"column":12},"end":{"line":32,"column":13}},"14":{"start":{"line":27,"column":32},"end":{"line":27,"column":104}},"15":{"start":{"line":28,"column":30},"end":{"line":28,"column":66}},"16":{"start":{"line":28,"column":54},"end":{"line":28,"column":65}},"17":{"start":{"line":29,"column":16},"end":{"line":29,"column":31}},"18":{"start":{"line":31,"column":16},"end":{"line":31,"column":49}},"19":{"start":{"line":37,"column":8},"end":{"line":45,"column":11}},"20":{"start":{"line":38,"column":12},"end":{"line":44,"column":13}},"21":{"start":{"line":39,"column":32},"end":{"line":39,"column":99}},"22":{"start":{"line":40,"column":30},"end":{"line":40,"column":66}},"23":{"start":{"line":40,"column":54},"end":{"line":40,"column":65}},"24":{"start":{"line":41,"column":16},"end":{"line":41,"column":32}},"25":{"start":{"line":43,"column":16},"end":{"line":43,"column":49}},"26":{"start":{"line":49,"column":8},"end":{"line":57,"column":11}},"27":{"start":{"line":50,"column":12},"end":{"line":56,"column":13}},"28":{"start":{"line":51,"column":32},"end":{"line":51,"column":124}},"29":{"start":{"line":52,"column":29},"end":{"line":52,"column":65}},"30":{"start":{"line":52,"column":53},"end":{"line":52,"column":64}},"31":{"start":{"line":53,"column":16},"end":{"line":53,"column":31}},"32":{"start":{"line":55,"column":16},"end":{"line":55,"column":51}},"33":{"start":{"line":61,"column":8},"end":{"line":70,"column":11}},"34":{"start":{"line":62,"column":12},"end":{"line":69,"column":13}},"35":{"start":{"line":63,"column":31},"end":{"line":63,"column":158}},"36":{"start":{"line":64,"column":30},"end":{"line":64,"column":56}},"37":{"start":{"line":65,"column":16},"end":{"line":65,"column":36}},"38":{"start":{"line":66,"column":16},"end":{"line":66,"column":34}},"39":{"start":{"line":68,"column":16},"end":{"line":68,"column":54}},"40":{"start":{"line":76,"column":0},"end":{"line":76,"column":22}}},"fnMap":{"0":{"name":"(anonymous_0)","decl":{"start":{"line":5,"column":4},"end":{"line":5,"column":5}},"loc":{"start":{"line":5,"column":21},"end":{"line":10,"column":5}},"line":5},"1":{"name":"(anonymous_1)","decl":{"start":{"line":12,"column":4},"end":{"line":12,"column":5}},"loc":{"start":{"line":12,"column":21},"end":{"line":22,"column":5}},"line":12},"2":{"name":"(anonymous_2)","decl":{"start":{"line":13,"column":28},"end":{"line":13,"column":29}},"loc":{"start":{"line":13,"column":55},"end":{"line":21,"column":9}},"line":13},"3":{"name":"(anonymous_3)","decl":{"start":{"line":16,"column":49},"end":{"line":16,"column":50}},"loc":{"start":{"line":16,"column":54},"end":{"line":16,"column":65}},"line":16},"4":{"name":"(anonymous_4)","decl":{"start":{"line":24,"column":4},"end":{"line":24,"column":5}},"loc":{"start":{"line":24,"column":33},"end":{"line":34,"column":5}},"line":24},"5":{"name":"(anonymous_5)","decl":{"start":{"line":25,"column":28},"end":{"line":25,"column":29}},"loc":{"start":{"line":25,"column":55},"end":{"line":33,"column":9}},"line":25},"6":{"name":"(anonymous_6)","decl":{"start":{"line":28,"column":49},"end":{"line":28,"column":50}},"loc":{"start":{"line":28,"column":54},"end":{"line":28,"column":65}},"line":28},"7":{"name":"(anonymous_7)","decl":{"start":{"line":36,"column":4},"end":{"line":36,"column":5}},"loc":{"start":{"line":36,"column":30},"end":{"line":46,"column":5}},"line":36},"8":{"name":"(anonymous_8)","decl":{"start":{"line":37,"column":28},"end":{"line":37,"column":29}},"loc":{"start":{"line":37,"column":55},"end":{"line":45,"column":9}},"line":37},"9":{"name":"(anonymous_9)","decl":{"start":{"line":40,"column":49},"end":{"line":40,"column":50}},"loc":{"start":{"line":40,"column":54},"end":{"line":40,"column":65}},"line":40},"10":{"name":"(anonymous_10)","decl":{"start":{"line":48,"column":4},"end":{"line":48,"column":5}},"loc":{"start":{"line":48,"column":35},"end":{"line":58,"column":5}},"line":48},"11":{"name":"(anonymous_11)","decl":{"start":{"line":49,"column":28},"end":{"line":49,"column":29}},"loc":{"start":{"line":49,"column":55},"end":{"line":57,"column":9}},"line":49},"12":{"name":"(anonymous_12)","decl":{"start":{"line":52,"column":48},"end":{"line":52,"column":49}},"loc":{"start":{"line":52,"column":53},"end":{"line":52,"column":64}},"line":52},"13":{"name":"(anonymous_13)","decl":{"start":{"line":60,"column":4},"end":{"line":60,"column":5}},"loc":{"start":{"line":60,"column":44},"end":{"line":71,"column":5}},"line":60},"14":{"name":"(anonymous_14)","decl":{"start":{"line":61,"column":28},"end":{"line":61,"column":29}},"loc":{"start":{"line":61,"column":55},"end":{"line":70,"column":9}},"line":61}},"branchMap":{},"s":{"0":4,"1":22,"2":22,"3":22,"4":22,"5":2,"6":2,"7":2,"8":2,"9":10,"10":2,"11":0,"12":0,"13":0,"14":0,"15":0,"16":0,"17":0,"18":0,"19":1,"20":1,"21":1,"22":1,"23":7,"24":1,"25":0,"26":1,"27":1,"28":1,"29":1,"30":3,"31":1,"32":0,"33":2,"34":2,"35":2,"36":2,"37":2,"38":2,"39":0,"40":4},"f":{"0":22,"1":2,"2":2,"3":10,"4":0,"5":0,"6":0,"7":1,"8":1,"9":7,"10":1,"11":1,"12":3,"13":2,"14":2},"b":{},"_coverageSchema":"1a1c01bbd47fc00a2c39e90264f33305004495a9","hash":"f27236ba92bed2faa130b49ee13897c7f36c28b3"}
}
