TN:
SF:server.js
FN:15,(anonymous_0)
FNF:1
FNH:0
FNDA:0,(anonymous_0)
DA:1,4
DA:2,4
DA:3,4
DA:4,4
DA:6,4
DA:7,4
DA:8,4
DA:9,4
DA:10,4
DA:12,4
DA:15,4
DA:17,4
LF:12
LH:12
BRDA:12,0,0,4
BRDA:12,0,1,4
BRF:2
BRH:2
end_of_record
TN:
SF:controllers/lobbies.js
FN:7,(anonymous_0)
FN:17,(anonymous_1)
FN:27,(anonymous_2)
FN:37,(anonymous_3)
FNF:4
FNH:4
FNDA:4,(anonymous_0)
FNDA:1,(anonymous_1)
FNDA:1,(anonymous_2)
FNDA:1,(anonymous_3)
DA:1,4
DA:2,4
DA:4,4
DA:7,4
DA:8,4
DA:9,4
DA:10,4
DA:12,0
DA:17,4
DA:18,1
DA:19,1
DA:20,1
DA:22,0
DA:27,4
DA:28,1
DA:29,1
DA:30,1
DA:32,0
DA:37,4
DA:38,1
DA:39,1
DA:40,1
DA:41,1
DA:42,1
DA:44,0
DA:49,4
LF:26
LH:22
BRF:0
BRH:0
end_of_record
TN:
SF:controllers/users.js
FN:7,(anonymous_0)
FN:17,(anonymous_1)
FN:28,(anonymous_2)
FN:40,(anonymous_3)
FN:51,(anonymous_4)
FNF:5
FNH:5
FNDA:3,(anonymous_0)
FNDA:1,(anonymous_1)
FNDA:1,(anonymous_2)
FNDA:1,(anonymous_3)
FNDA:1,(anonymous_4)
DA:1,4
DA:2,4
DA:4,4
DA:7,4
DA:8,3
DA:9,3
DA:10,3
DA:12,0
DA:17,4
DA:18,1
DA:19,1
DA:20,1
DA:21,1
DA:24,0
DA:28,4
DA:29,1
DA:30,1
DA:31,1
DA:33,0
DA:40,4
DA:41,1
DA:42,1
DA:43,1
DA:44,1
DA:46,0
DA:51,4
DA:52,1
DA:53,1
DA:54,1
DA:55,1
DA:56,1
DA:57,1
DA:58,1
DA:60,0
DA:66,4
LF:35
LH:30
BRF:0
BRH:0
end_of_record
TN:
SF:db_config/init.js
FNF:0
FNH:0
DA:1,4
DA:3,4
DA:5,4
LF:3
LH:3
BRF:0
BRH:0
end_of_record
TN:
SF:models/lobby.js
FN:4,(anonymous_0)
FN:9,(anonymous_1)
FN:10,(anonymous_2)
FN:13,(anonymous_3)
FN:21,(anonymous_4)
FN:22,(anonymous_5)
FN:33,(anonymous_6)
FN:34,(anonymous_7)
FN:37,(anonymous_8)
FN:48,(anonymous_9)
FN:49,(anonymous_10)
FN:60,(anonymous_11)
FN:61,(anonymous_12)
FNF:13
FNH:13
FNDA:20,(anonymous_0)
FNDA:5,(anonymous_1)
FNDA:5,(anonymous_2)
FNDA:15,(anonymous_3)
FNDA:1,(anonymous_4)
FNDA:1,(anonymous_5)
FNDA:2,(anonymous_6)
FNDA:2,(anonymous_7)
FNDA:2,(anonymous_8)
FNDA:2,(anonymous_9)
FNDA:2,(anonymous_10)
FNDA:1,(anonymous_11)
FNDA:1,(anonymous_12)
DA:1,4
DA:5,20
DA:6,20
DA:10,5
DA:11,5
DA:12,5
DA:13,15
DA:14,5
DA:16,0
DA:22,1
DA:23,1
DA:24,1
DA:25,1
DA:26,1
DA:28,0
DA:34,2
DA:35,2
DA:36,2
DA:37,2
DA:38,2
DA:40,0
DA:49,2
DA:50,2
DA:51,2
DA:52,2
DA:53,2
DA:55,0
DA:61,1
DA:62,1
DA:63,1
DA:64,1
DA:66,0
DA:73,4
LF:33
LH:28
BRF:0
BRH:0
end_of_record
TN:
SF:models/user.js
FN:5,(anonymous_0)
FN:12,(anonymous_1)
FN:13,(anonymous_2)
FN:16,(anonymous_3)
FN:24,(anonymous_4)
FN:25,(anonymous_5)
FN:36,(anonymous_6)
FN:37,(anonymous_7)
FN:40,(anonymous_8)
FN:48,(anonymous_9)
FN:49,(anonymous_10)
FN:52,(anonymous_11)
FN:60,(anonymous_12)
FN:61,(anonymous_13)
FN:64,(anonymous_14)
FN:72,(anonymous_15)
FN:73,(anonymous_16)
FN:84,(anonymous_17)
FN:86,(anonymous_18)
FNF:19
FNH:16
FNDA:35,(anonymous_0)
FNDA:4,(anonymous_1)
FNDA:4,(anonymous_2)
FNDA:22,(anonymous_3)
FNDA:1,(anonymous_4)
FNDA:1,(anonymous_5)
FNDA:0,(anonymous_6)
FNDA:0,(anonymous_7)
FNDA:0,(anonymous_8)
FNDA:1,(anonymous_9)
FNDA:1,(anonymous_10)
FNDA:7,(anonymous_11)
FNDA:1,(anonymous_12)
FNDA:1,(anonymous_13)
FNDA:3,(anonymous_14)
FNDA:2,(anonymous_15)
FNDA:2,(anonymous_16)
FNDA:1,(anonymous_17)
FNDA:1,(anonymous_18)
DA:1,4
DA:6,35
DA:7,35
DA:8,35
DA:9,35
DA:13,4
DA:14,4
DA:15,4
DA:16,22
DA:17,4
DA:19,0
DA:25,1
DA:26,1
DA:27,1
DA:28,1
DA:29,1
DA:31,0
DA:37,0
DA:38,0
DA:39,0
DA:40,0
DA:41,0
DA:43,0
DA:49,1
DA:50,1
DA:51,1
DA:52,7
DA:53,1
DA:55,0
DA:61,1
DA:62,1
DA:63,1
DA:64,3
DA:65,1
DA:67,0
DA:73,2
DA:74,2
DA:75,2
DA:76,2
DA:77,2
DA:79,0
DA:85,1
DA:86,1
DA:87,1
DA:88,1
DA:89,1
DA:90,1
DA:92,0
DA:100,4
LF:49
LH:37
BRF:0
BRH:0
end_of_record
