TN:
SF:server.js
FN:15,(anonymous_0)
FNF:1
FNH:0
FNDA:0,(anonymous_0)
DA:1,4
DA:2,4
DA:3,4
DA:4,4
DA:6,4
DA:7,4
DA:8,4
DA:9,4
DA:10,4
DA:12,4
DA:15,4
DA:17,4
LF:12
LH:12
BRDA:12,0,0,4
BRDA:12,0,1,4
BRF:2
BRH:2
end_of_record
TN:
SF:controllers/lobbies.js
FN:7,(anonymous_0)
FN:17,(anonymous_1)
FN:27,(anonymous_2)
FNF:3
FNH:3
FNDA:2,(anonymous_0)
FNDA:1,(anonymous_1)
FNDA:1,(anonymous_2)
DA:1,4
DA:2,4
DA:4,4
DA:7,4
DA:8,2
DA:9,2
DA:10,2
DA:12,0
DA:17,4
DA:18,1
DA:19,1
DA:20,1
DA:22,0
DA:27,4
DA:28,1
DA:29,1
DA:30,1
DA:32,0
DA:37,4
LF:19
LH:16
BRF:0
BRH:0
end_of_record
TN:
SF:controllers/users.js
FN:7,(anonymous_0)
FN:16,(anonymous_1)
FN:27,(anonymous_2)
FN:39,(anonymous_3)
FNF:4
FNH:4
FNDA:1,(anonymous_0)
FNDA:1,(anonymous_1)
FNDA:1,(anonymous_2)
FNDA:1,(anonymous_3)
DA:1,4
DA:2,4
DA:4,4
DA:7,4
DA:8,1
DA:9,1
DA:10,1
DA:12,0
DA:16,4
DA:17,1
DA:18,1
DA:19,1
DA:20,1
DA:23,0
DA:27,4
DA:28,1
DA:29,1
DA:30,1
DA:32,0
DA:39,4
DA:40,1
DA:41,1
DA:42,1
DA:43,1
DA:45,0
DA:51,4
LF:26
LH:22
BRF:0
BRH:0
end_of_record
TN:
SF:db_config/init.js
FNF:0
FNH:0
DA:1,4
DA:3,4
DA:5,4
LF:3
LH:3
BRF:0
BRH:0
end_of_record
TN:
SF:models/lobby.js
FN:4,(anonymous_0)
FN:9,(anonymous_1)
FN:10,(anonymous_2)
FN:13,(anonymous_3)
FN:21,(anonymous_4)
FN:22,(anonymous_5)
FN:25,(anonymous_6)
FN:36,(anonymous_7)
FN:37,(anonymous_8)
FNF:9
FNH:9
FNDA:14,(anonymous_0)
FNDA:3,(anonymous_1)
FNDA:3,(anonymous_2)
FNDA:10,(anonymous_3)
FNDA:2,(anonymous_4)
FNDA:2,(anonymous_5)
FNDA:2,(anonymous_6)
FNDA:2,(anonymous_7)
FNDA:2,(anonymous_8)
DA:1,4
DA:5,14
DA:6,14
DA:10,3
DA:11,3
DA:12,3
DA:13,10
DA:14,3
DA:16,0
DA:22,2
DA:23,2
DA:24,2
DA:25,2
DA:26,2
DA:28,0
DA:37,2
DA:38,2
DA:39,2
DA:40,2
DA:41,2
DA:43,0
DA:50,4
LF:22
LH:19
BRF:0
BRH:0
end_of_record
TN:
SF:models/user.js
FN:5,(anonymous_0)
FN:12,(anonymous_1)
FN:13,(anonymous_2)
FN:16,(anonymous_3)
FN:24,(anonymous_4)
FN:25,(anonymous_5)
FN:28,(anonymous_6)
FN:36,(anonymous_7)
FN:37,(anonymous_8)
FN:40,(anonymous_9)
FN:48,(anonymous_10)
FN:49,(anonymous_11)
FN:52,(anonymous_12)
FN:60,(anonymous_13)
FN:61,(anonymous_14)
FNF:15
FNH:12
FNDA:22,(anonymous_0)
FNDA:2,(anonymous_1)
FNDA:2,(anonymous_2)
FNDA:10,(anonymous_3)
FNDA:0,(anonymous_4)
FNDA:0,(anonymous_5)
FNDA:0,(anonymous_6)
FNDA:1,(anonymous_7)
FNDA:1,(anonymous_8)
FNDA:7,(anonymous_9)
FNDA:1,(anonymous_10)
FNDA:1,(anonymous_11)
FNDA:3,(anonymous_12)
FNDA:2,(anonymous_13)
FNDA:2,(anonymous_14)
DA:1,4
DA:6,22
DA:7,22
DA:8,22
DA:9,22
DA:13,2
DA:14,2
DA:15,2
DA:16,10
DA:17,2
DA:19,0
DA:25,0
DA:26,0
DA:27,0
DA:28,0
DA:29,0
DA:31,0
DA:37,1
DA:38,1
DA:39,1
DA:40,7
DA:41,1
DA:43,0
DA:49,1
DA:50,1
DA:51,1
DA:52,3
DA:53,1
DA:55,0
DA:61,2
DA:62,2
DA:63,2
DA:64,2
DA:65,2
DA:66,2
DA:68,0
DA:76,4
LF:37
LH:27
BRF:0
BRH:0
end_of_record
